<?xml version="1.0" encoding="UTF-8"?>
<!-- Generated by org.testng.reporters.JUnitReportReporter -->
<testsuite hostname="DESKTOP-7OF1B4P" failures="0" tests="1" name="testCases.TC_004_Product_searching" time="1.564" errors="0" timestamp="2025-03-28T21:57:05 IST" skipped="0">
  <testcase classname="testCases.TC_004_Product_searching" name="product_searching_testcase" time="1.564"/>
</testsuite> <!-- testCases.TC_004_Product_searching -->
