<?xml version="1.0" encoding="UTF-8"?>
<!-- Generated by org.testng.reporters.JUnitReportReporter -->
<testsuite hostname="DESKTOP-7OF1B4P" failures="0" tests="1" name="testCases.TC_002_LoginTest" time="1.893" errors="0" timestamp="2025-03-15T03:42:11 IST" skipped="0">
  <testcase classname="testCases.TC_002_LoginTest" name="logintestcase" time="1.893"/>
</testsuite> <!-- testCases.TC_002_LoginTest -->
