<?xml version="1.0" encoding="UTF-8"?>
<!-- Generated by org.testng.reporters.JUnitReportReporter -->
<testsuite hostname="DESKTOP-7OF1B4P" failures="0" tests="5" name="testCases.TC_003_LoginDDT" time="29.334" errors="0" timestamp="2025-03-15T22:45:31 IST" skipped="0">
  <testcase classname="testCases.TC_003_LoginDDT" name="verification_loginDDT" time="11.501"/>
  <testcase classname="testCases.TC_003_LoginDDT" name="verification_loginDDT" time="1.797"/>
  <testcase classname="testCases.TC_003_LoginDDT" name="verification_loginDDT" time="1.936"/>
  <testcase classname="testCases.TC_003_LoginDDT" name="verification_loginDDT" time="11.807"/>
  <testcase classname="testCases.TC_003_LoginDDT" name="verification_loginDDT" time="2.293"/>
</testsuite> <!-- testCases.TC_003_LoginDDT -->
