<?xml version="1.0" encoding="UTF-8"?>
<!-- Generated by org.testng.reporters.JUnitReportReporter -->
<testsuite hostname="DESKTOP-7OF1B4P" failures="0" tests="1" name="testCases.TC_001_Accountregistrationtest" time="1.812" errors="0" timestamp="2025-03-24T13:45:05 IST" skipped="0">
  <testcase classname="testCases.TC_001_Accountregistrationtest" name="account_verification_msg" time="1.812"/>
</testsuite> <!-- testCases.TC_001_Accountregistrationtest -->
